<?xml version="1.0" encoding="windows-1252" standalone="no"?>
<log>
<record>
  <date>2017-04-18T23:44:07</date>
  <millis>1492539247523</millis>
  <sequence>0</sequence>
  <level>START</level>
  <class>com.kms.katalon.core.logging.KeywordLogger</class>
  <method>startSuite</method>
  <thread>1</thread>
  <message>Start Test Suite : TestSuite 1</message>
  <nestedLevel>0</nestedLevel>
  <property name="name">TestSuite 1</property>
  <property name="description"></property>
  <property name="id">Test Suites/TestSuite 1</property>
</record>
<record>
  <date>2017-04-18T23:44:07</date>
  <millis>1492539247556</millis>
  <sequence>1</sequence>
  <level>RUN_DATA</level>
  <class>com.kms.katalon.core.logging.KeywordLogger</class>
  <method>logMessage</method>
  <thread>1</thread>
  <message>Logging run data &amp;apos;hostName&amp;apos; with value &amp;apos;negikdeep - negiks&amp;apos;</message>
  <nestedLevel>0</nestedLevel>
  <property name="hostName">negikdeep - negiks</property>
</record>
<record>
  <date>2017-04-18T23:44:07</date>
  <millis>1492539247557</millis>
  <sequence>2</sequence>
  <level>RUN_DATA</level>
  <class>com.kms.katalon.core.logging.KeywordLogger</class>
  <method>logMessage</method>
  <thread>1</thread>
  <message>Logging run data &amp;apos;os&amp;apos; with value &amp;apos;Windows 8.1 64bit&amp;apos;</message>
  <nestedLevel>0</nestedLevel>
  <property name="os">Windows 8.1 64bit</property>
</record>
<record>
  <date>2017-04-18T23:44:07</date>
  <millis>1492539247558</millis>
  <sequence>3</sequence>
  <level>RUN_DATA</level>
  <class>com.kms.katalon.core.logging.KeywordLogger</class>
  <method>logMessage</method>
  <thread>1</thread>
  <message>Logging run data &amp;apos;hostAddress&amp;apos; with value &amp;apos;192.168.8.100&amp;apos;</message>
  <nestedLevel>0</nestedLevel>
  <property name="hostAddress">192.168.8.100</property>
</record>
<record>
  <date>2017-04-18T23:44:07</date>
  <millis>1492539247559</millis>
  <sequence>4</sequence>
  <level>RUN_DATA</level>
  <class>com.kms.katalon.core.logging.KeywordLogger</class>
  <method>logMessage</method>
  <thread>1</thread>
  <message>Logging run data &amp;apos;katalonVersion&amp;apos; with value &amp;apos;4.5.0.3&amp;apos;</message>
  <nestedLevel>0</nestedLevel>
  <property name="katalonVersion">4.5.0.3</property>
</record>
</log>
